2019-01-05 02:09:48,077 ERROR [Worker-4] - Statistics - Statistics file `/home/awantik/.scalaide/statistics` is corrupted. A new one is being created. Corrupted content was:

com.cedarsoftware.util.io.JsonIoException: error parsing JSON value
	at com.cedarsoftware.util.io.JsonReader.readObject(JsonReader.java:529)
	at com.cedarsoftware.util.io.JsonReader.jsonToJava(JsonReader.java:289)
	at com.cedarsoftware.util.io.JsonReader.jsonToJava(JsonReader.java:262)
	at org.scalaide.core.internal.statistics.Statistics.read(Statistics.scala:74)
	at org.scalaide.core.internal.statistics.Statistics.$anonfun$readStats$1(Statistics.scala:52)
	at org.scalaide.core.internal.statistics.Statistics.$anonfun$readStats$1$adapted(Statistics.scala:51)
	at org.scalaide.core.ScalaIdeDataStore$.$anonfun$validate$2(ScalaIdeDataStore.scala:59)
	at org.scalaide.util.eclipse.EclipseUtils$$anon$3.run(EclipseUtils.scala:230)
	at org.eclipse.core.runtime.SafeRunner.run(SafeRunner.java:42)
	at org.scalaide.util.eclipse.EclipseUtils$.withSafeRunner(EclipseUtils.scala:226)
	at org.scalaide.core.ScalaIdeDataStore$.validate(ScalaIdeDataStore.scala:59)
	at org.scalaide.core.internal.statistics.Statistics.readStats(Statistics.scala:51)
	at org.scalaide.core.internal.statistics.Statistics.<init>(Statistics.scala:30)
	at org.scalaide.core.internal.ScalaPlugin.stats$lzycompute(ScalaPlugin.scala:135)
	at org.scalaide.core.internal.ScalaPlugin.stats(ScalaPlugin.scala:135)
	at org.scalaide.core.internal.ScalaPlugin.statistics(ScalaPlugin.scala:138)
	at org.scalaide.core.internal.ScalaPlugin.start(ScalaPlugin.scala:109)
	at org.eclipse.osgi.internal.framework.BundleContextImpl$3.run(BundleContextImpl.java:779)
	at org.eclipse.osgi.internal.framework.BundleContextImpl$3.run(BundleContextImpl.java:1)
	at java.security.AccessController.doPrivileged(Native Method)
	at org.eclipse.osgi.internal.framework.BundleContextImpl.startActivator(BundleContextImpl.java:772)
	at org.eclipse.osgi.internal.framework.BundleContextImpl.start(BundleContextImpl.java:729)
	at org.eclipse.osgi.internal.framework.EquinoxBundle.startWorker0(EquinoxBundle.java:933)
	at org.eclipse.osgi.internal.framework.EquinoxBundle$EquinoxModule.startWorker(EquinoxBundle.java:309)
	at org.eclipse.osgi.container.Module.doStart(Module.java:581)
	at org.eclipse.osgi.container.Module.start(Module.java:449)
	at org.eclipse.osgi.framework.util.SecureAction.start(SecureAction.java:468)
	at org.eclipse.osgi.internal.hooks.EclipseLazyStarter.postFindLocalClass(EclipseLazyStarter.java:103)
	at org.eclipse.osgi.internal.loader.classpath.ClasspathManager.findLocalClass(ClasspathManager.java:529)
	at org.eclipse.osgi.internal.loader.ModuleClassLoader.findLocalClass(ModuleClassLoader.java:328)
	at org.eclipse.osgi.internal.loader.BundleLoader.findLocalClass(BundleLoader.java:368)
	at org.eclipse.osgi.internal.loader.sources.SingleSourcePackage.loadClass(SingleSourcePackage.java:36)
	at org.eclipse.osgi.internal.loader.BundleLoader.findClassInternal(BundleLoader.java:442)
	at org.eclipse.osgi.internal.loader.BundleLoader.findClass(BundleLoader.java:395)
	at org.eclipse.osgi.internal.loader.BundleLoader.findClass(BundleLoader.java:387)
	at org.eclipse.osgi.internal.loader.ModuleClassLoader.loadClass(ModuleClassLoader.java:150)
	at java.lang.ClassLoader.loadClass(ClassLoader.java:357)
	at org.scalaide.debug.internal.ScalaDebugger$.init(ScalaDebugger.scala:66)
	at org.scalaide.debug.internal.ScalaDebugPlugin.start(ScalaDebugPlugin.scala:30)
	at org.eclipse.osgi.internal.framework.BundleContextImpl$3.run(BundleContextImpl.java:779)
	at org.eclipse.osgi.internal.framework.BundleContextImpl$3.run(BundleContextImpl.java:1)
	at java.security.AccessController.doPrivileged(Native Method)
	at org.eclipse.osgi.internal.framework.BundleContextImpl.startActivator(BundleContextImpl.java:772)
	at org.eclipse.osgi.internal.framework.BundleContextImpl.start(BundleContextImpl.java:729)
	at org.eclipse.osgi.internal.framework.EquinoxBundle.startWorker0(EquinoxBundle.java:933)
	at org.eclipse.osgi.internal.framework.EquinoxBundle$EquinoxModule.startWorker(EquinoxBundle.java:309)
	at org.eclipse.osgi.container.Module.doStart(Module.java:581)
	at org.eclipse.osgi.container.Module.start(Module.java:449)
	at org.eclipse.osgi.framework.util.SecureAction.start(SecureAction.java:468)
	at org.eclipse.osgi.internal.hooks.EclipseLazyStarter.postFindLocalClass(EclipseLazyStarter.java:103)
	at org.eclipse.osgi.internal.loader.classpath.ClasspathManager.findLocalClass(ClasspathManager.java:529)
	at org.eclipse.osgi.internal.loader.ModuleClassLoader.findLocalClass(ModuleClassLoader.java:328)
	at org.eclipse.osgi.internal.loader.BundleLoader.findLocalClass(BundleLoader.java:368)
	at org.eclipse.osgi.internal.loader.BundleLoader.findClassInternal(BundleLoader.java:446)
	at org.eclipse.osgi.internal.loader.BundleLoader.findClass(BundleLoader.java:395)
	at org.eclipse.osgi.internal.loader.BundleLoader.findClass(BundleLoader.java:387)
	at org.eclipse.osgi.internal.loader.ModuleClassLoader.loadClass(ModuleClassLoader.java:150)
	at java.lang.ClassLoader.loadClass(ClassLoader.java:357)
	at org.eclipse.osgi.internal.framework.EquinoxBundle.loadClass(EquinoxBundle.java:564)
	at org.eclipse.core.internal.registry.osgi.RegistryStrategyOSGI.createExecutableExtension(RegistryStrategyOSGI.java:174)
	at org.eclipse.core.internal.registry.ExtensionRegistry.createExecutableExtension(ExtensionRegistry.java:905)
	at org.eclipse.core.internal.registry.ConfigurationElement.createExecutableExtension(ConfigurationElement.java:243)
	at org.eclipse.core.internal.registry.ConfigurationElementHandle.createExecutableExtension(ConfigurationElementHandle.java:55)
	at org.eclipse.ui.internal.WorkbenchPlugin.lambda$0(WorkbenchPlugin.java:288)
	at org.eclipse.swt.custom.BusyIndicator.showWhile(BusyIndicator.java:52)
	at org.eclipse.ui.internal.WorkbenchPlugin.createExtension(WorkbenchPlugin.java:285)
	at org.eclipse.ui.internal.EarlyStartupRunnable.run(EarlyStartupRunnable.java:53)
	at org.eclipse.core.runtime.SafeRunner.run(SafeRunner.java:42)
	at org.eclipse.ui.internal.Workbench$40.run(Workbench.java:2747)
	at org.eclipse.core.internal.jobs.Worker.run(Worker.java:56)
Caused by: com.cedarsoftware.util.io.JsonIoException: EOF reached prematurely
	at com.cedarsoftware.util.io.JsonParser.error(JsonParser.java:584)
	at com.cedarsoftware.util.io.JsonParser.readValue(JsonParser.java:278)
	at com.cedarsoftware.util.io.JsonReader.readObject(JsonReader.java:521)
	... 69 more
2019-01-05 02:12:43,161 ERROR [main] - System.err - log4j:WARN No appenders could be found for logger (org.eclipse.m2e.core.internal.project.registry.ProjectRegistryRefreshJob).
2019-01-05 02:12:43,162 ERROR [main] - System.err - log4j:WARN Please initialize the log4j system properly.
2019-01-05 02:24:51,821 ERROR [OkHttp ConnectionPool] - System.err - Jan 05, 2019 2:24:51 AM okhttp3.internal.platform.Platform log
WARNING: A connection to https://blog.goodstuff.im/ was leaked. Did you forget to close a response body? To see where this was allocated, set the OkHttpClient logger level to FINE: Logger.getLogger(OkHttpClient.class.getName()).setLevel(Level.FINE);
2019-01-05 02:24:51,822 ERROR [OkHttp ConnectionPool] - System.err - Jan 05, 2019 2:24:51 AM okhttp3.internal.platform.Platform log
WARNING: A connection to https://blog.goodstuff.im/ was leaked. Did you forget to close a response body? To see where this was allocated, set the OkHttpClient logger level to FINE: Logger.getLogger(OkHttpClient.class.getName()).setLevel(Level.FINE);
2019-01-05 02:24:51,823 ERROR [OkHttp ConnectionPool] - System.err - Jan 05, 2019 2:24:51 AM okhttp3.internal.platform.Platform log
WARNING: A connection to https://blog.goodstuff.im/ was leaked. Did you forget to close a response body? To see where this was allocated, set the OkHttpClient logger level to FINE: Logger.getLogger(OkHttpClient.class.getName()).setLevel(Level.FINE);
2019-01-05 02:25:24,214  WARN [main] - ScalaProject - Project Sparksample has platform default sourceLevel.
2019-01-05 02:25:24,215  WARN [main] - ScalaProject - Project Sparksample runs on platform default installation.
2019-01-05 02:25:24,946  WARN [main] - ScalaProject - Project Sparksample has platform default sourceLevel.
2019-01-05 02:25:24,946  WARN [main] - ScalaProject - Project Sparksample runs on platform default installation.
2019-01-05 04:08:23,894  WARN [ModalContext] - ScalaProject - Project HelloWorld has platform default sourceLevel.
2019-01-05 04:08:23,904  WARN [ModalContext] - ScalaProject - Project HelloWorld runs on platform default installation.
2019-01-05 04:08:23,953  WARN [ModalContext] - ScalaProject - Project HelloWorld has platform default sourceLevel.
2019-01-05 04:08:23,953  WARN [ModalContext] - ScalaProject - Project HelloWorld runs on platform default installation.
2019-01-05 04:08:24,568  WARN [Worker-49] - ScalaProject - Project HelloWorld has platform default sourceLevel.
2019-01-05 04:08:24,569  WARN [Worker-49] - ScalaProject - Project HelloWorld runs on platform default installation.
2019-01-05 04:08:25,523  WARN [main] - org.scala-ide.sdt.core - org.scala-ide.sdt.core - org.scala-ide.sdt.core - 0 - Preference scala.compiler.sourceLevel was uninitialized for HelloWorld, setting default to 2.12.
2019-01-05 04:33:29,934  WARN [ModalContext] - ScalaProject - Project HelloWorld has platform default sourceLevel.
2019-01-05 04:33:29,950  WARN [ModalContext] - ScalaProject - Project HelloWorld runs on platform default installation.
2019-01-05 04:33:29,959  WARN [ModalContext] - ScalaProject - Project HelloWorld has platform default sourceLevel.
2019-01-05 04:33:29,959  WARN [ModalContext] - ScalaProject - Project HelloWorld runs on platform default installation.
2019-01-05 04:33:54,085  WARN [ModalContext] - ScalaProject - Project HelloWorld has platform default sourceLevel.
2019-01-05 04:33:54,085  WARN [ModalContext] - ScalaProject - Project HelloWorld runs on platform default installation.
2019-01-05 04:33:54,531  WARN [ModalContext] - ScalaProject - Project HelloWorld has platform default sourceLevel.
2019-01-05 04:33:54,531  WARN [ModalContext] - ScalaProject - Project HelloWorld runs on platform default installation.
2019-01-05 04:33:54,761  WARN [Worker-55] - ScalaProject - Project HelloWorld has platform default sourceLevel.
2019-01-05 04:33:54,761  WARN [Worker-55] - ScalaProject - Project HelloWorld runs on platform default installation.
2019-01-05 04:47:28,892 ERROR [main] - org.scala-ide.sdt.core - org.scala-ide.sdt.core - org.scala-ide.sdt.core - 0 - scala.reflect.internal.FatalError: package scala does not have a member Int
2019-01-05 04:47:28,916 ERROR [main] - org.scala-ide.sdt.core - org.scala-ide.sdt.core - org.scala-ide.sdt.core - 0 - scala.reflect.internal.FatalError: package scala does not have a member Int
2019-01-05 04:47:28,939 ERROR [main] - org.scala-ide.sdt.core - org.scala-ide.sdt.core - org.scala-ide.sdt.core - 0 - scala.reflect.internal.FatalError: package scala does not have a member Int
2019-01-05 04:47:28,962 ERROR [main] - org.scala-ide.sdt.core - org.scala-ide.sdt.core - org.scala-ide.sdt.core - 0 - scala.reflect.internal.FatalError: package scala does not have a member Int
2019-01-05 04:47:28,973 ERROR [main] - org.scala-ide.sdt.core - org.scala-ide.sdt.core - org.scala-ide.sdt.core - 0 - scala.reflect.internal.FatalError: package scala does not have a member Int
2019-01-05 04:47:28,986 ERROR [main] - org.scala-ide.sdt.core - org.scala-ide.sdt.core - org.scala-ide.sdt.core - 0 - scala.reflect.internal.FatalError: package scala does not have a member Int
2019-01-05 04:47:28,998 ERROR [main] - org.scala-ide.sdt.core - org.scala-ide.sdt.core - org.scala-ide.sdt.core - 0 - scala.reflect.internal.FatalError: package scala does not have a member Int
2019-01-05 04:47:29,012 ERROR [main] - org.scala-ide.sdt.core - org.scala-ide.sdt.core - org.scala-ide.sdt.core - 0 - scala.reflect.internal.FatalError: package scala does not have a member Int
2019-01-05 04:47:29,025 ERROR [main] - org.scala-ide.sdt.core - org.scala-ide.sdt.core - org.scala-ide.sdt.core - 0 - scala.reflect.internal.FatalError: package scala does not have a member Int
2019-01-05 04:47:29,037 ERROR [main] - org.scala-ide.sdt.core - org.scala-ide.sdt.core - org.scala-ide.sdt.core - 0 - scala.reflect.internal.FatalError: package scala does not have a member Int
2019-01-05 04:47:29,048 ERROR [main] - org.scala-ide.sdt.core - org.scala-ide.sdt.core - org.scala-ide.sdt.core - 0 - scala.reflect.internal.FatalError: package scala does not have a member Int
2019-01-05 04:47:29,055 ERROR [main] - org.scala-ide.sdt.core - org.scala-ide.sdt.core - org.scala-ide.sdt.core - 0 - scala.reflect.internal.FatalError: package scala does not have a member Int
2019-01-05 04:47:29,061 ERROR [main] - org.scala-ide.sdt.core - org.scala-ide.sdt.core - org.scala-ide.sdt.core - 0 - scala.reflect.internal.FatalError: package scala does not have a member Int
2019-01-05 04:47:29,068 ERROR [main] - org.scala-ide.sdt.core - org.scala-ide.sdt.core - org.scala-ide.sdt.core - 0 - scala.reflect.internal.FatalError: package scala does not have a member Int
2019-01-05 04:47:29,074 ERROR [main] - org.scala-ide.sdt.core - org.scala-ide.sdt.core - org.scala-ide.sdt.core - 0 - scala.reflect.internal.FatalError: package scala does not have a member Int
2019-01-05 04:47:29,109 ERROR [main] - org.scala-ide.sdt.core - org.scala-ide.sdt.core - org.scala-ide.sdt.core - 0 - scala.reflect.internal.FatalError: package scala does not have a member Int
2019-01-05 04:47:29,561 ERROR [main] - org.scala-ide.sdt.core - org.scala-ide.sdt.core - org.scala-ide.sdt.core - 0 - scala.reflect.internal.FatalError: package scala does not have a member Int
2019-01-05 04:47:29,572 ERROR [main] - org.scala-ide.sdt.core - org.scala-ide.sdt.core - org.scala-ide.sdt.core - 0 - scala.reflect.internal.FatalError: package scala does not have a member Int
2019-01-05 04:47:29,583 ERROR [main] - org.scala-ide.sdt.core - org.scala-ide.sdt.core - org.scala-ide.sdt.core - 0 - scala.reflect.internal.FatalError: package scala does not have a member Int
2019-01-05 04:47:29,591 ERROR [main] - org.scala-ide.sdt.core - org.scala-ide.sdt.core - org.scala-ide.sdt.core - 0 - scala.reflect.internal.FatalError: package scala does not have a member Int
2019-01-05 04:47:29,599 ERROR [main] - org.scala-ide.sdt.core - org.scala-ide.sdt.core - org.scala-ide.sdt.core - 0 - scala.reflect.internal.FatalError: package scala does not have a member Int
2019-01-05 04:47:29,607 ERROR [main] - org.scala-ide.sdt.core - org.scala-ide.sdt.core - org.scala-ide.sdt.core - 0 - scala.reflect.internal.FatalError: package scala does not have a member Int
2019-01-05 04:47:29,615 ERROR [main] - org.scala-ide.sdt.core - org.scala-ide.sdt.core - org.scala-ide.sdt.core - 0 - scala.reflect.internal.FatalError: package scala does not have a member Int
2019-01-05 04:47:29,622 ERROR [main] - org.scala-ide.sdt.core - org.scala-ide.sdt.core - org.scala-ide.sdt.core - 0 - scala.reflect.internal.FatalError: package scala does not have a member Int
2019-01-05 04:47:29,630 ERROR [main] - org.scala-ide.sdt.core - org.scala-ide.sdt.core - org.scala-ide.sdt.core - 0 - scala.reflect.internal.FatalError: package scala does not have a member Int
2019-01-05 04:47:29,637 ERROR [main] - org.scala-ide.sdt.core - org.scala-ide.sdt.core - org.scala-ide.sdt.core - 0 - scala.reflect.internal.FatalError: package scala does not have a member Int
2019-01-05 04:47:29,644 ERROR [main] - org.scala-ide.sdt.core - org.scala-ide.sdt.core - org.scala-ide.sdt.core - 0 - scala.reflect.internal.FatalError: package scala does not have a member Int
2019-01-05 04:47:29,656 ERROR [main] - org.scala-ide.sdt.core - org.scala-ide.sdt.core - org.scala-ide.sdt.core - 0 - scala.reflect.internal.FatalError: package scala does not have a member Int
2019-01-05 04:47:29,662 ERROR [main] - org.scala-ide.sdt.core - org.scala-ide.sdt.core - org.scala-ide.sdt.core - 0 - scala.reflect.internal.FatalError: package scala does not have a member Int
2019-01-05 04:47:29,669 ERROR [main] - org.scala-ide.sdt.core - org.scala-ide.sdt.core - org.scala-ide.sdt.core - 0 - scala.reflect.internal.FatalError: package scala does not have a member Int
2019-01-05 04:47:29,680 ERROR [main] - org.scala-ide.sdt.core - org.scala-ide.sdt.core - org.scala-ide.sdt.core - 0 - scala.reflect.internal.FatalError: package scala does not have a member Int
2019-01-05 04:47:29,689 ERROR [main] - org.scala-ide.sdt.core - org.scala-ide.sdt.core - org.scala-ide.sdt.core - 0 - scala.reflect.internal.FatalError: package scala does not have a member Int
2019-01-05 04:47:30,150 ERROR [main] - org.scala-ide.sdt.core - org.scala-ide.sdt.core - org.scala-ide.sdt.core - 0 - scala.reflect.internal.FatalError: package scala does not have a member Int
2019-01-05 04:47:30,175 ERROR [main] - org.scala-ide.sdt.core - org.scala-ide.sdt.core - org.scala-ide.sdt.core - 0 - scala.reflect.internal.FatalError: package scala does not have a member Int
2019-01-05 04:47:30,175 ERROR [main] - org.scala-ide.sdt.core - org.scala-ide.sdt.core - org.scala-ide.sdt.core - 0 - scala.reflect.internal.FatalError: package scala does not have a member Int
2019-01-05 04:47:30,176 ERROR [main] - org.scala-ide.sdt.core - org.scala-ide.sdt.core - org.scala-ide.sdt.core - 0 - scala.reflect.internal.FatalError: package scala does not have a member Int
2019-01-05 04:47:30,184 ERROR [main] - org.scala-ide.sdt.core - org.scala-ide.sdt.core - org.scala-ide.sdt.core - 0 - scala.reflect.internal.FatalError: package scala does not have a member Int
2019-01-05 04:47:30,191 ERROR [main] - org.scala-ide.sdt.core - org.scala-ide.sdt.core - org.scala-ide.sdt.core - 0 - scala.reflect.internal.FatalError: package scala does not have a member Int
2019-01-05 04:47:30,198 ERROR [main] - org.scala-ide.sdt.core - org.scala-ide.sdt.core - org.scala-ide.sdt.core - 0 - scala.reflect.internal.FatalError: package scala does not have a member Int
2019-01-05 04:47:30,206 ERROR [main] - org.scala-ide.sdt.core - org.scala-ide.sdt.core - org.scala-ide.sdt.core - 0 - scala.reflect.internal.FatalError: package scala does not have a member Int
2019-01-05 04:47:30,714 ERROR [main] - org.scala-ide.sdt.core - org.scala-ide.sdt.core - org.scala-ide.sdt.core - 0 - scala.reflect.internal.FatalError: package scala does not have a member Int
2019-01-05 04:47:30,728 ERROR [main] - org.scala-ide.sdt.core - org.scala-ide.sdt.core - org.scala-ide.sdt.core - 0 - scala.reflect.internal.FatalError: package scala does not have a member Int
2019-01-05 04:47:30,731 ERROR [main] - org.scala-ide.sdt.core - org.scala-ide.sdt.core - org.scala-ide.sdt.core - 0 - scala.reflect.internal.FatalError: package scala does not have a member Int
2019-01-05 04:47:30,746 ERROR [main] - org.scala-ide.sdt.core - org.scala-ide.sdt.core - org.scala-ide.sdt.core - 0 - scala.reflect.internal.FatalError: package scala does not have a member Int
2019-01-05 04:47:30,749 ERROR [main] - org.scala-ide.sdt.core - org.scala-ide.sdt.core - org.scala-ide.sdt.core - 0 - scala.reflect.internal.FatalError: package scala does not have a member Int
2019-01-05 04:47:30,762 ERROR [main] - org.scala-ide.sdt.core - org.scala-ide.sdt.core - org.scala-ide.sdt.core - 0 - scala.reflect.internal.FatalError: package scala does not have a member Int
2019-01-05 04:47:30,767 ERROR [main] - org.scala-ide.sdt.core - org.scala-ide.sdt.core - org.scala-ide.sdt.core - 0 - scala.reflect.internal.FatalError: package scala does not have a member Int
2019-01-05 04:47:30,777 ERROR [main] - org.scala-ide.sdt.core - org.scala-ide.sdt.core - org.scala-ide.sdt.core - 0 - scala.reflect.internal.FatalError: package scala does not have a member Int
2019-01-05 04:47:31,299 ERROR [main] - org.scala-ide.sdt.core - org.scala-ide.sdt.core - org.scala-ide.sdt.core - 0 - scala.reflect.internal.FatalError: package scala does not have a member Int
2019-01-05 04:47:31,315 ERROR [main] - org.scala-ide.sdt.core - org.scala-ide.sdt.core - org.scala-ide.sdt.core - 0 - scala.reflect.internal.FatalError: package scala does not have a member Int
2019-01-05 04:47:31,325 ERROR [main] - org.scala-ide.sdt.core - org.scala-ide.sdt.core - org.scala-ide.sdt.core - 0 - scala.reflect.internal.FatalError: package scala does not have a member Int
2019-01-05 04:47:31,333 ERROR [main] - org.scala-ide.sdt.core - org.scala-ide.sdt.core - org.scala-ide.sdt.core - 0 - scala.reflect.internal.FatalError: package scala does not have a member Int
2019-01-05 04:47:31,341 ERROR [main] - org.scala-ide.sdt.core - org.scala-ide.sdt.core - org.scala-ide.sdt.core - 0 - scala.reflect.internal.FatalError: package scala does not have a member Int
2019-01-05 04:47:31,348 ERROR [main] - org.scala-ide.sdt.core - org.scala-ide.sdt.core - org.scala-ide.sdt.core - 0 - scala.reflect.internal.FatalError: package scala does not have a member Int
2019-01-05 04:47:31,355 ERROR [main] - org.scala-ide.sdt.core - org.scala-ide.sdt.core - org.scala-ide.sdt.core - 0 - scala.reflect.internal.FatalError: package scala does not have a member Int
2019-01-05 04:47:31,363 ERROR [main] - org.scala-ide.sdt.core - org.scala-ide.sdt.core - org.scala-ide.sdt.core - 0 - scala.reflect.internal.FatalError: package scala does not have a member Int
2019-01-05 04:47:31,885 ERROR [main] - org.scala-ide.sdt.core - org.scala-ide.sdt.core - org.scala-ide.sdt.core - 0 - scala.reflect.internal.FatalError: package scala does not have a member Int
2019-01-05 04:47:31,900 ERROR [main] - org.scala-ide.sdt.core - org.scala-ide.sdt.core - org.scala-ide.sdt.core - 0 - scala.reflect.internal.FatalError: package scala does not have a member Int
2019-01-05 04:47:31,909 ERROR [main] - org.scala-ide.sdt.core - org.scala-ide.sdt.core - org.scala-ide.sdt.core - 0 - scala.reflect.internal.FatalError: package scala does not have a member Int
2019-01-05 04:47:31,916 ERROR [main] - org.scala-ide.sdt.core - org.scala-ide.sdt.core - org.scala-ide.sdt.core - 0 - scala.reflect.internal.FatalError: package scala does not have a member Int
2019-01-05 04:47:31,923 ERROR [main] - org.scala-ide.sdt.core - org.scala-ide.sdt.core - org.scala-ide.sdt.core - 0 - scala.reflect.internal.FatalError: package scala does not have a member Int
2019-01-05 04:47:31,930 ERROR [main] - org.scala-ide.sdt.core - org.scala-ide.sdt.core - org.scala-ide.sdt.core - 0 - scala.reflect.internal.FatalError: package scala does not have a member Int
2019-01-05 04:47:31,937 ERROR [main] - org.scala-ide.sdt.core - org.scala-ide.sdt.core - org.scala-ide.sdt.core - 0 - scala.reflect.internal.FatalError: package scala does not have a member Int
2019-01-05 04:47:31,945 ERROR [main] - org.scala-ide.sdt.core - org.scala-ide.sdt.core - org.scala-ide.sdt.core - 0 - scala.reflect.internal.FatalError: package scala does not have a member Int
2019-01-05 04:49:05,496 ERROR [main] - org.scala-ide.sdt.core - org.scala-ide.sdt.core - org.scala-ide.sdt.core - 0 - scala.reflect.internal.FatalError: package scala does not have a member Int
2019-01-05 04:49:05,515 ERROR [main] - org.scala-ide.sdt.core - org.scala-ide.sdt.core - org.scala-ide.sdt.core - 0 - scala.reflect.internal.FatalError: package scala does not have a member Int
2019-01-05 04:49:05,527 ERROR [main] - org.scala-ide.sdt.core - org.scala-ide.sdt.core - org.scala-ide.sdt.core - 0 - scala.reflect.internal.FatalError: package scala does not have a member Int
2019-01-05 04:49:05,531 ERROR [main] - org.scala-ide.sdt.core - org.scala-ide.sdt.core - org.scala-ide.sdt.core - 0 - scala.reflect.internal.FatalError: package scala does not have a member Int
2019-01-05 04:49:05,544 ERROR [main] - org.scala-ide.sdt.core - org.scala-ide.sdt.core - org.scala-ide.sdt.core - 0 - scala.reflect.internal.FatalError: package scala does not have a member Int
2019-01-05 04:49:05,548 ERROR [main] - org.scala-ide.sdt.core - org.scala-ide.sdt.core - org.scala-ide.sdt.core - 0 - scala.reflect.internal.FatalError: package scala does not have a member Int
2019-01-05 04:49:05,559 ERROR [main] - org.scala-ide.sdt.core - org.scala-ide.sdt.core - org.scala-ide.sdt.core - 0 - scala.reflect.internal.FatalError: package scala does not have a member Int
2019-01-05 04:49:05,564 ERROR [main] - org.scala-ide.sdt.core - org.scala-ide.sdt.core - org.scala-ide.sdt.core - 0 - scala.reflect.internal.FatalError: package scala does not have a member Int
2019-01-05 04:49:06,084 ERROR [main] - org.scala-ide.sdt.core - org.scala-ide.sdt.core - org.scala-ide.sdt.core - 0 - scala.reflect.internal.FatalError: package scala does not have a member Int
2019-01-05 04:49:06,093 ERROR [main] - org.scala-ide.sdt.core - org.scala-ide.sdt.core - org.scala-ide.sdt.core - 0 - scala.reflect.internal.FatalError: package scala does not have a member Int
2019-01-05 04:49:06,100 ERROR [main] - org.scala-ide.sdt.core - org.scala-ide.sdt.core - org.scala-ide.sdt.core - 0 - scala.reflect.internal.FatalError: package scala does not have a member Int
2019-01-05 04:49:06,108 ERROR [main] - org.scala-ide.sdt.core - org.scala-ide.sdt.core - org.scala-ide.sdt.core - 0 - scala.reflect.internal.FatalError: package scala does not have a member Int
2019-01-05 04:49:06,115 ERROR [main] - org.scala-ide.sdt.core - org.scala-ide.sdt.core - org.scala-ide.sdt.core - 0 - scala.reflect.internal.FatalError: package scala does not have a member Int
2019-01-05 04:49:06,124 ERROR [main] - org.scala-ide.sdt.core - org.scala-ide.sdt.core - org.scala-ide.sdt.core - 0 - scala.reflect.internal.FatalError: package scala does not have a member Int
2019-01-05 04:49:06,129 ERROR [main] - org.scala-ide.sdt.core - org.scala-ide.sdt.core - org.scala-ide.sdt.core - 0 - scala.reflect.internal.FatalError: package scala does not have a member Int
2019-01-05 04:49:06,138 ERROR [main] - org.scala-ide.sdt.core - org.scala-ide.sdt.core - org.scala-ide.sdt.core - 0 - scala.reflect.internal.FatalError: package scala does not have a member Int
2019-01-05 04:49:10,660 ERROR [main] - org.scala-ide.sdt.core - org.scala-ide.sdt.core - org.scala-ide.sdt.core - 0 - scala.reflect.internal.FatalError: package scala does not have a member Int
2019-01-05 04:49:10,674 ERROR [main] - org.scala-ide.sdt.core - org.scala-ide.sdt.core - org.scala-ide.sdt.core - 0 - scala.reflect.internal.FatalError: package scala does not have a member Int
2019-01-05 04:49:10,683 ERROR [main] - org.scala-ide.sdt.core - org.scala-ide.sdt.core - org.scala-ide.sdt.core - 0 - scala.reflect.internal.FatalError: package scala does not have a member Int
2019-01-05 04:49:10,690 ERROR [main] - org.scala-ide.sdt.core - org.scala-ide.sdt.core - org.scala-ide.sdt.core - 0 - scala.reflect.internal.FatalError: package scala does not have a member Int
2019-01-05 04:49:10,696 ERROR [main] - org.scala-ide.sdt.core - org.scala-ide.sdt.core - org.scala-ide.sdt.core - 0 - scala.reflect.internal.FatalError: package scala does not have a member Int
2019-01-05 04:49:10,704 ERROR [main] - org.scala-ide.sdt.core - org.scala-ide.sdt.core - org.scala-ide.sdt.core - 0 - scala.reflect.internal.FatalError: package scala does not have a member Int
2019-01-05 04:49:10,710 ERROR [main] - org.scala-ide.sdt.core - org.scala-ide.sdt.core - org.scala-ide.sdt.core - 0 - scala.reflect.internal.FatalError: package scala does not have a member Int
2019-01-05 04:49:10,803 ERROR [main] - org.scala-ide.sdt.core - org.scala-ide.sdt.core - org.scala-ide.sdt.core - 0 - scala.reflect.internal.FatalError: package scala does not have a member Int
2019-01-05 04:49:11,233 ERROR [main] - org.scala-ide.sdt.core - org.scala-ide.sdt.core - org.scala-ide.sdt.core - 0 - scala.reflect.internal.FatalError: package scala does not have a member Int
2019-01-05 04:49:11,246 ERROR [main] - org.scala-ide.sdt.core - org.scala-ide.sdt.core - org.scala-ide.sdt.core - 0 - scala.reflect.internal.FatalError: package scala does not have a member Int
2019-01-05 04:49:11,254 ERROR [main] - org.scala-ide.sdt.core - org.scala-ide.sdt.core - org.scala-ide.sdt.core - 0 - scala.reflect.internal.FatalError: package scala does not have a member Int
2019-01-05 04:49:11,262 ERROR [main] - org.scala-ide.sdt.core - org.scala-ide.sdt.core - org.scala-ide.sdt.core - 0 - scala.reflect.internal.FatalError: package scala does not have a member Int
2019-01-05 04:49:11,269 ERROR [main] - org.scala-ide.sdt.core - org.scala-ide.sdt.core - org.scala-ide.sdt.core - 0 - scala.reflect.internal.FatalError: package scala does not have a member Int
2019-01-05 04:49:11,277 ERROR [main] - org.scala-ide.sdt.core - org.scala-ide.sdt.core - org.scala-ide.sdt.core - 0 - scala.reflect.internal.FatalError: package scala does not have a member Int
2019-01-05 04:49:11,284 ERROR [main] - org.scala-ide.sdt.core - org.scala-ide.sdt.core - org.scala-ide.sdt.core - 0 - scala.reflect.internal.FatalError: package scala does not have a member Int
2019-01-05 04:49:11,426 ERROR [main] - org.scala-ide.sdt.core - org.scala-ide.sdt.core - org.scala-ide.sdt.core - 0 - scala.reflect.internal.FatalError: package scala does not have a member Int
2019-01-05 04:49:14,125  WARN [ModalContext] - ScalaProject - Project HelloWorld has platform default sourceLevel.
2019-01-05 04:49:14,125  WARN [ModalContext] - ScalaProject - Project HelloWorld runs on platform default installation.
2019-01-05 04:49:14,196  WARN [ModalContext] - ScalaProject - Project HelloWorld has platform default sourceLevel.
2019-01-05 04:49:14,196  WARN [ModalContext] - ScalaProject - Project HelloWorld runs on platform default installation.
2019-01-05 04:50:06,579  WARN [ModalContext] - ScalaProject - Project HelloWorld has platform default sourceLevel.
2019-01-05 04:50:06,579  WARN [ModalContext] - ScalaProject - Project HelloWorld runs on platform default installation.
2019-01-05 04:50:06,721  WARN [ModalContext] - ScalaProject - Project HelloWorld has platform default sourceLevel.
2019-01-05 04:50:06,722  WARN [ModalContext] - ScalaProject - Project HelloWorld runs on platform default installation.
2019-01-05 04:50:06,864  WARN [Worker-59] - ScalaProject - Project HelloWorld has platform default sourceLevel.
2019-01-05 04:50:06,864  WARN [Worker-59] - ScalaProject - Project HelloWorld runs on platform default installation.
2019-01-06 18:46:28,614  WARN [org.scalaide.ui.internal.reconciliation.ScalaReconciler] - ImplicitHighlightingPresenter - Timeout while waiting for `askLoadedTyped` during semantic highlighting.
2019-01-06 22:59:20,122  WARN [ModalContext] - ScalaProject - Project spark-scala-tutorial has platform default sourceLevel.
2019-01-06 22:59:20,129  WARN [ModalContext] - ScalaProject - Project spark-scala-tutorial runs on platform default installation.
2019-01-06 22:59:20,453  WARN [ModalContext] - ScalaProject - Project spark-scala-tutorial has platform default sourceLevel.
2019-01-06 22:59:20,453  WARN [ModalContext] - ScalaProject - Project spark-scala-tutorial runs on platform default installation.
2019-01-06 22:59:21,032  WARN [main] - org.scala-ide.sdt.core - org.scala-ide.sdt.core - org.scala-ide.sdt.core - 0 - Preference scala.compiler.sourceLevel was uninitialized for spark-scala-tutorial, setting default to 2.12.
2019-01-06 22:59:21,033  WARN [main] - org.scala-ide.sdt.core - org.scala-ide.sdt.core - org.scala-ide.sdt.core - 0 - Preference scala.compiler.installation was uninitialized for spark-scala-tutorial, setting default to 2.12.
2019-01-06 23:00:42,733 ERROR [main] - org.scala-ide.sdt.core - org.scala-ide.sdt.core - org.scala-ide.sdt.core - 0 - java.lang.IllegalArgumentException: Argument not valid
2019-01-06 23:07:57,627 ERROR [main] - org.scala-ide.sdt.core - org.scala-ide.sdt.core - org.scala-ide.sdt.core - 0 - Throwable during asyncExec
java.lang.InternalError: Malformed class name
	at java.lang.Class.getSimpleName(Class.java:1330)
	at java.lang.Class.isAnonymousClass(Class.java:1411)
	at org.scalaide.core.internal.logging.log4j.Log4JFacade$Logger$.apply(Log4JFacade.scala:60)
	at org.scalaide.core.internal.logging.log4j.Log4JFacade.getLogger(Log4JFacade.scala:68)
	at org.scalaide.logging.HasLogger.logger(HasLogger.scala:19)
	at org.scalaide.logging.HasLogger.logger$(HasLogger.scala:17)
	at org.scalaide.core.internal.launching.JUnit4TestClassesCollector.logger$lzycompute(JUnit4TestClassesCollector.scala:17)
	at org.scalaide.core.internal.launching.JUnit4TestClassesCollector.logger(JUnit4TestClassesCollector.scala:17)
	at org.scalaide.core.internal.launching.JUnit4TestClassesCollector.getClassSafe(JUnit4TestClassesCollector.scala:82)
	at org.scalaide.core.internal.launching.JUnit4TestClassesCollector.RunWithAnnotationOpt$lzycompute(JUnit4TestClassesCollector.scala:74)
	at org.scalaide.core.internal.launching.JUnit4TestClassesCollector.RunWithAnnotationOpt(JUnit4TestClassesCollector.scala:74)
	at org.scalaide.core.internal.launching.JUnit4TestClassesCollector$JUnit4TestClassesTraverser.hasRunWithAnnotation(JUnit4TestClassesCollector.scala:59)
	at org.scalaide.core.internal.launching.JUnit4TestClassesCollector$JUnit4TestClassesTraverser.isTestClass(JUnit4TestClassesCollector.scala:57)
	at org.scalaide.core.internal.launching.JUnit4TestClassesCollector$JUnit4TestClassesTraverser.$anonfun$isRunnableTestClass$1(JUnit4TestClassesCollector.scala:44)
	at scala.runtime.java8.JFunction0$mcZ$sp.apply(JFunction0$mcZ$sp.java:12)
	at scala.tools.nsc.util.InterruptReq.execute(InterruptReq.scala:26)
	at scala.tools.nsc.interactive.Global.$anonfun$pollForWork$1(Global.scala:444)
	at scala.tools.nsc.interactive.Global.pollForWork(Global.scala:418)
	at scala.tools.nsc.interactive.PresentationCompilerThread.run(PresentationCompilerThread.scala:22)
2019-01-06 23:09:59,531 ERROR [main] - org.scala-ide.sdt.core - org.scala-ide.sdt.core - org.scala-ide.sdt.core - 0 - Throwable during asyncExec
java.lang.InternalError: Malformed class name
	at java.lang.Class.getSimpleName(Class.java:1330)
	at java.lang.Class.isAnonymousClass(Class.java:1411)
	at org.scalaide.core.internal.logging.log4j.Log4JFacade$Logger$.apply(Log4JFacade.scala:60)
	at org.scalaide.core.internal.logging.log4j.Log4JFacade.getLogger(Log4JFacade.scala:68)
	at org.scalaide.logging.HasLogger.logger(HasLogger.scala:19)
	at org.scalaide.logging.HasLogger.logger$(HasLogger.scala:17)
	at org.scalaide.core.internal.launching.JUnit4TestClassesCollector.logger$lzycompute(JUnit4TestClassesCollector.scala:17)
	at org.scalaide.core.internal.launching.JUnit4TestClassesCollector.logger(JUnit4TestClassesCollector.scala:17)
	at org.scalaide.core.internal.launching.JUnit4TestClassesCollector.getClassSafe(JUnit4TestClassesCollector.scala:82)
	at org.scalaide.core.internal.launching.JUnit4TestClassesCollector.RunWithAnnotationOpt$lzycompute(JUnit4TestClassesCollector.scala:74)
	at org.scalaide.core.internal.launching.JUnit4TestClassesCollector.RunWithAnnotationOpt(JUnit4TestClassesCollector.scala:74)
	at org.scalaide.core.internal.launching.JUnit4TestClassesCollector$JUnit4TestClassesTraverser.hasRunWithAnnotation(JUnit4TestClassesCollector.scala:59)
	at org.scalaide.core.internal.launching.JUnit4TestClassesCollector$JUnit4TestClassesTraverser.isTestClass(JUnit4TestClassesCollector.scala:57)
	at org.scalaide.core.internal.launching.JUnit4TestClassesCollector$JUnit4TestClassesTraverser.$anonfun$isRunnableTestClass$1(JUnit4TestClassesCollector.scala:44)
	at scala.runtime.java8.JFunction0$mcZ$sp.apply(JFunction0$mcZ$sp.java:12)
	at scala.tools.nsc.util.InterruptReq.execute(InterruptReq.scala:26)
	at scala.tools.nsc.interactive.Global.$anonfun$pollForWork$1(Global.scala:444)
	at scala.tools.nsc.interactive.Global.pollForWork(Global.scala:418)
	at scala.tools.nsc.interactive.PresentationCompilerThread.run(PresentationCompilerThread.scala:22)
